#
# A fatal error has been detected by the Java Runtime Environment:
#
#  SIGSEGV (0xb) at pc=0x000000010cad5922, pid=27739, tid=16899
#
# JRE version: Java(TM) SE Runtime Environment (8.0_60-b27) (build 1.8.0_60-b27)
# Java VM: Java HotSpot(TM) 64-Bit Server VM (25.60-b23 mixed mode bsd-amd64 compressed oops)
# Problematic frame:
# V  [libjvm.dylib+0x446922]  Method::checked_resolve_jmethod_id(_jmethodID*)+0x1c
#
# Failed to write core dump. Core dumps have been disabled. To enable core dumping, try "ulimit -c unlimited" before starting Java again
#
# If you would like to submit a bug report, please visit:
#   http://bugreport.java.com/bugreport/crash.jsp
#

---------------  T H R E A D  ---------------

Current thread (0x00007f8a64045800):  JavaThread "JDWP Transport Listener: dt_socket" daemon [_thread_in_vm, id=16899, stack(0x0000700000ab8000,0x0000700000bb8000)]

siginfo: si_signo: 11 (SIGSEGV), si_code: 1 (SEGV_MAPERR), si_addr: 0x0000000400000002

Registers:
RAX=0x0000000000000001, RBX=0x0000000400000002, RCX=0x000000010cea4310, RDX=0x0000700000bb7a8b
RSP=0x0000700000bb79d0, RBP=0x0000700000bb79e0, RSI=0x00007f8a64045800, RDI=0x00007f8a64205ae0
R8 =0x0000000000000000, R9 =0x00007f8a62c55150, R10=0x000000009e78d5b7, R11=0x00007f8a62c00000
R12=0x00007f8a64045800, R13=0x00007f8a64205ae0, R14=0x00007f8a64205ae0, R15=0x00007f8a62e0cf20
RIP=0x000000010cad5922, EFLAGS=0x0000000000010212, ERR=0x0000000000000004
  TRAPNO=0x000000000000000e

Top of Stack: (sp=0x0000700000bb79d0)
0x0000700000bb79d0:   0000700000bb7a8b 0000700000bb7a8b
0x0000700000bb79e0:   0000700000bb7a40 000000010c9e4a0e
0x0000700000bb79f0:   00007f8a64045800 0000000000000000
0x0000700000bb7a00:   0000000000000000 0000000000000000
0x0000700000bb7a10:   00007f8a64045800 00007f8a64045800
0x0000700000bb7a20:   0000700000bb7a8b 0000700000bb7a90
0x0000700000bb7a30:   00007f8a64205ae0 0000000000000011
0x0000700000bb7a40:   0000700000bb7a60 000000010d680780
0x0000700000bb7a50:   0000000000000001 0000700000bb7b08
0x0000700000bb7a60:   0000700000bb7ad0 000000010d6651f3
0x0000700000bb7a70:   0000700000bb7aa0 00007f8a62c3ccc0
0x0000700000bb7a80:   0000001200000032 0000000800bb7b08
0x0000700000bb7a90:   0000000000000000 0000000000000000
0x0000700000bb7aa0:   0000000000000000 0000700000bb7c90
0x0000700000bb7ab0:   000000010d687e7a 00007f8a62c48070
0x0000700000bb7ac0:   0000700000bb7b08 000000010d693598
0x0000700000bb7ad0:   0000700000bb7ae0 000000010d6652ec
0x0000700000bb7ae0:   0000700000bb7d00 000000010d66e898
0x0000700000bb7af0:   000872c200000013 00000000000f0200
0x0000700000bb7b00:   00007f8a62c53140 00007f8a6323d78d
0x0000700000bb7b10:   00007f8a00000123 00007f8a62c54d50
0x0000700000bb7b20:   000000000000012c 0000700000bb7b58
0x0000700000bb7b30:   00007f8a62c3adb0 0000000000000000
0x0000700000bb7b40:   000872c20000000f 00007fff00007c80
0x0000700000bb7b50:   0000700000bb7b58 8a7f000012000000
0x0000700000bb7b60:   06000000f03cd262 00003e74696e693c
0x0000700000bb7b70:   6b2f65734c283000 65736265772f6874
0x0000700000bb7b80:   72702f6563697672 61702f7463656a6f
0x0000700000bb7b90:   6e4f2f676e697372 3b657261706d6f43
0x0000700000bb7ba0:   0000000000005629 d2628a7f00000100
0x0000700000bb7bb0:   657305000000003d 2803000000707574
0x0000700000bb7bc0:   0000000000005629 d2628a7f00000100 

Instructions: (pc=0x000000010cad5922)
0x000000010cad5902:   31 c0 5d c3 55 48 89 e5 53 48 83 ec 08 48 85 ff
0x000000010cad5912:   74 24 48 8b 1f 48 85 db 74 1c 48 83 fb 37 74 16
0x000000010cad5922:   48 8b 03 48 89 df ff 50 10 84 c0 b8 00 00 00 00
0x000000010cad5932:   48 0f 45 c3 eb 02 31 c0 48 83 c4 08 5b 5d c3 90 

Register to memory mapping:

RAX=0x0000000000000001 is an unknown value
RBX=0x0000000400000002 is an unknown value
RCX=0x000000010cea4310: UseMembar+0 in /Library/Java/JavaVirtualMachines/jdk1.8.0_60.jdk/Contents/Home/jre/lib/server/libjvm.dylib at 0x000000010c68f000
RDX=0x0000700000bb7a8b is pointing into the stack for thread: 0x00007f8a64045800
RSP=0x0000700000bb79d0 is pointing into the stack for thread: 0x00007f8a64045800
RBP=0x0000700000bb79e0 is pointing into the stack for thread: 0x00007f8a64045800
RSI=0x00007f8a64045800 is a thread
RDI=0x00007f8a64205ae0 is an unknown value
R8 =0x0000000000000000 is an unknown value
R9 =0x00007f8a62c55150 is an unknown value
R10=0x000000009e78d5b7 is an unknown value
R11=0x00007f8a62c00000 is an unknown value
R12=0x00007f8a64045800 is a thread
R13=0x00007f8a64205ae0 is an unknown value
R14=0x00007f8a64205ae0 is an unknown value
R15=0x00007f8a62e0cf20 is an unknown value


Stack: [0x0000700000ab8000,0x0000700000bb8000],  sp=0x0000700000bb79d0,  free space=1022k
Native frames: (J=compiled Java code, j=interpreted, Vv=VM code, C=native code)
V  [libjvm.dylib+0x446922]  Method::checked_resolve_jmethod_id(_jmethodID*)+0x1c
V  [libjvm.dylib+0x355a0e]  jvmti_IsMethodSynthetic+0xb2
C  [libjdwp.dylib+0x20780]  isMethodSynthetic+0x63
C  [libjdwp.dylib+0x51f3]  methods1+0x10b
C  [libjdwp.dylib+0x52ec]  methodsWithGeneric+0xe
C  [libjdwp.dylib+0xe898]  debugLoop_run+0x1ce
C  [libjdwp.dylib+0x1f6ba]  attachThread+0x4d
V  [libjvm.dylib+0x396d6c]  JvmtiAgentThread::call_start_function()+0x38
V  [libjvm.dylib+0x5612d3]  JavaThread::thread_main_inner()+0x9b
V  [libjvm.dylib+0x5629ce]  JavaThread::run()+0x1c2
V  [libjvm.dylib+0x48343a]  java_start(Thread*)+0xf6
C  [libsystem_pthread.dylib+0x399d]  _pthread_body+0x83
C  [libsystem_pthread.dylib+0x391a]  _pthread_body+0x0
C  [libsystem_pthread.dylib+0x1351]  thread_start+0xd
C  0x0000000000000000


---------------  P R O C E S S  ---------------

Java Threads: ( => current thread )
  0x00007f8a648a8800 JavaThread "GC Daemon" daemon [_thread_blocked, id=23043, stack(0x00007000014d6000,0x00007000015d6000)]
  0x00007f8a630c4000 JavaThread "RMI RenewClean-[130.229.165.53:58330]" daemon [_thread_blocked, id=22531, stack(0x00007000013d3000,0x00007000014d3000)]
  0x00007f8a648a8000 JavaThread "RMI Scheduler(0)" daemon [_thread_blocked, id=22031, stack(0x00007000012d0000,0x00007000013d0000)]
  0x00007f8a63823800 JavaThread "Service Thread" daemon [_thread_blocked, id=19971, stack(0x00007000010ca000,0x00007000011ca000)]
  0x00007f8a64818000 JavaThread "C1 CompilerThread2" daemon [_thread_blocked, id=19459, stack(0x0000700000fc7000,0x00007000010c7000)]
  0x00007f8a64815800 JavaThread "C2 CompilerThread1" daemon [_thread_blocked, id=18947, stack(0x0000700000ec4000,0x0000700000fc4000)]
  0x00007f8a63045000 JavaThread "C2 CompilerThread0" daemon [_thread_blocked, id=18435, stack(0x0000700000dc1000,0x0000700000ec1000)]
  0x00007f8a63044000 JavaThread "JDWP Command Reader" daemon [_thread_in_native, id=17923, stack(0x0000700000cbe000,0x0000700000dbe000)]
  0x00007f8a6305a000 JavaThread "JDWP Event Helper Thread" daemon [_thread_blocked, id=17411, stack(0x0000700000bbb000,0x0000700000cbb000)]
=>0x00007f8a64045800 JavaThread "JDWP Transport Listener: dt_socket" daemon [_thread_in_vm, id=16899, stack(0x0000700000ab8000,0x0000700000bb8000)]
  0x00007f8a64044800 JavaThread "Signal Dispatcher" daemon [_thread_blocked, id=13839, stack(0x00007000009b5000,0x0000700000ab5000)]
  0x00007f8a64040000 JavaThread "Finalizer" daemon [_thread_blocked, id=12291, stack(0x000070000082f000,0x000070000092f000)]
  0x00007f8a64802000 JavaThread "Reference Handler" daemon [_thread_blocked, id=11779, stack(0x000070000072c000,0x000070000082c000)]
  0x00007f8a63804800 JavaThread "main" [_thread_in_native, id=5891, stack(0x000070000011a000,0x000070000021a000)]

Other Threads:
  0x00007f8a6403f000 VMThread [stack: 0x0000700000629000,0x0000700000729000] [id=11267]
  0x00007f8a63817800 WatcherThread [stack: 0x00007000011cd000,0x00007000012cd000] [id=20483]

VM state:not at safepoint (normal execution)

VM Mutex/Monitor currently owned by a thread: None

Heap:
 PSYoungGen      total 38400K, used 11346K [0x0000000795580000, 0x0000000798000000, 0x00000007c0000000)
  eden space 33280K, 18% used [0x0000000795580000,0x0000000795b988c0,0x0000000797600000)
  from space 5120K, 99% used [0x0000000797b00000,0x0000000797ffc030,0x0000000798000000)
  to   space 5120K, 0% used [0x0000000797600000,0x0000000797600000,0x0000000797b00000)
 ParOldGen       total 87552K, used 6701K [0x0000000740000000, 0x0000000745580000, 0x0000000795580000)
  object space 87552K, 7% used [0x0000000740000000,0x000000074068b690,0x0000000745580000)
 Metaspace       used 6984K, capacity 7188K, committed 7296K, reserved 1056768K
  class space    used 809K, capacity 886K, committed 896K, reserved 1048576K

Card table byte_map: [0x000000011d3c0000,0x000000011d7c1000] byte_map_base: 0x00000001199c0000

Marking Bits: (ParMarkBitMap*) 0x000000010cf6de20
 Begin Bits: [0x000000011da6c000, 0x000000011fa6c000)
 End Bits:   [0x000000011fa6c000, 0x0000000121a6c000)

Polling page: 0x000000010d65f000

CodeCache: size=245760Kb used=3850Kb max_used=3869Kb free=241909Kb
 bounds [0x000000010e000000, 0x000000010e3e0000, 0x000000011d000000]
 total_blobs=1113 nmethods=838 adapters=197
 compilation: enabled

Compilation events (10 events):
Event: 7.738 Thread 0x00007f8a63045000 nmethod 832 0x000000010e3b7750 code [0x000000010e3b7d00, 0x000000010e3bd678]
Event: 7.738 Thread 0x00007f8a63045000  840       4       java.io.ObjectOutputStream$BlockDataOutputStream::setBlockDataMode (35 bytes)
Event: 7.747 Thread 0x00007f8a63045000 nmethod 840 0x000000010e3a0790 code [0x000000010e3a0940, 0x000000010e3a1268]
Event: 7.747 Thread 0x00007f8a63045000  845       4       java.io.ObjectOutputStream$BlockDataOutputStream::drain (45 bytes)
Event: 7.768 Thread 0x00007f8a63045000 nmethod 845 0x000000010e3a1fd0 code [0x000000010e3a2180, 0x000000010e3a29c8]
Event: 7.768 Thread 0x00007f8a63045000  838   !   4       sun.reflect.GeneratedMethodAccessor3::invoke (66 bytes)
Event: 7.819 Thread 0x00007f8a64815800 nmethod 851 0x000000010e3c28d0 code [0x000000010e3c2d00, 0x000000010e3c5420]
Event: 7.819 Thread 0x00007f8a64815800  847  s    4       java.io.BufferedOutputStream::write (67 bytes)
Event: 7.824 Thread 0x00007f8a64815800 nmethod 847 0x000000010e3a3090 code [0x000000010e3a3200, 0x000000010e3a3768]
Event: 8.222 Thread 0x00007f8a63045000 nmethod 838 0x000000010e3c7850 code [0x000000010e3c7d40, 0x000000010e3cbbe8]

GC Heap History (6 events):
Event: 3.227 GC heap before
{Heap before GC invocations=1 (full 0):
 PSYoungGen      total 38400K, used 5325K [0x0000000795580000, 0x0000000798000000, 0x00000007c0000000)
  eden space 33280K, 16% used [0x0000000795580000,0x0000000795ab3658,0x0000000797600000)
  from space 5120K, 0% used [0x0000000797b00000,0x0000000797b00000,0x0000000798000000)
  to   space 5120K, 0% used [0x0000000797600000,0x0000000797600000,0x0000000797b00000)
 ParOldGen       total 87552K, used 0K [0x0000000740000000, 0x0000000745580000, 0x0000000795580000)
  object space 87552K, 0% used [0x0000000740000000,0x0000000740000000,0x0000000745580000)
 Metaspace       used 4913K, capacity 5002K, committed 5248K, reserved 1056768K
  class space    used 562K, capacity 593K, committed 640K, reserved 1048576K
Event: 3.232 GC heap after
Heap after GC invocations=1 (full 0):
 PSYoungGen      total 38400K, used 992K [0x0000000795580000, 0x0000000798000000, 0x00000007c0000000)
  eden space 33280K, 0% used [0x0000000795580000,0x0000000795580000,0x0000000797600000)
  from space 5120K, 19% used [0x0000000797600000,0x00000007976f8000,0x0000000797b00000)
  to   space 5120K, 0% used [0x0000000797b00000,0x0000000797b00000,0x0000000798000000)
 ParOldGen       total 87552K, used 8K [0x0000000740000000, 0x0000000745580000, 0x0000000795580000)
  object space 87552K, 0% used [0x0000000740000000,0x0000000740002000,0x0000000745580000)
 Metaspace       used 4913K, capacity 5002K, committed 5248K, reserved 1056768K
  class space    used 562K, capacity 593K, committed 640K, reserved 1048576K
}
Event: 3.232 GC heap before
{Heap before GC invocations=2 (full 1):
 PSYoungGen      total 38400K, used 992K [0x0000000795580000, 0x0000000798000000, 0x00000007c0000000)
  eden space 33280K, 0% used [0x0000000795580000,0x0000000795580000,0x0000000797600000)
  from space 5120K, 19% used [0x0000000797600000,0x00000007976f8000,0x0000000797b00000)
  to   space 5120K, 0% used [0x0000000797b00000,0x0000000797b00000,0x0000000798000000)
 ParOldGen       total 87552K, used 8K [0x0000000740000000, 0x0000000745580000, 0x0000000795580000)
  object space 87552K, 0% used [0x0000000740000000,0x0000000740002000,0x0000000745580000)
 Metaspace       used 4913K, capacity 5002K, committed 5248K, reserved 1056768K
  class space    used 562K, capacity 593K, committed 640K, reserved 1048576K
Event: 3.244 GC heap after
Heap after GC invocations=2 (full 1):
 PSYoungGen      total 38400K, used 0K [0x0000000795580000, 0x0000000798000000, 0x00000007c0000000)
  eden space 33280K, 0% used [0x0000000795580000,0x0000000795580000,0x0000000797600000)
  from space 5120K, 0% used [0x0000000797600000,0x0000000797600000,0x0000000797b00000)
  to   space 5120K, 0% used [0x0000000797b00000,0x0000000797b00000,0x0000000798000000)
 ParOldGen       total 87552K, used 911K [0x0000000740000000, 0x0000000745580000, 0x0000000795580000)
  object space 87552K, 1% used [0x0000000740000000,0x00000007400e3d30,0x0000000745580000)
 Metaspace       used 4913K, capacity 5002K, committed 5248K, reserved 1056768K
  class space    used 562K, capacity 593K, committed 640K, reserved 1048576K
}
Event: 4.767 GC heap before
{Heap before GC invocations=3 (full 1):
 PSYoungGen      total 38400K, used 33280K [0x0000000795580000, 0x0000000798000000, 0x00000007c0000000)
  eden space 33280K, 100% used [0x0000000795580000,0x0000000797600000,0x0000000797600000)
  from space 5120K, 0% used [0x0000000797600000,0x0000000797600000,0x0000000797b00000)
  to   space 5120K, 0% used [0x0000000797b00000,0x0000000797b00000,0x0000000798000000)
 ParOldGen       total 87552K, used 911K [0x0000000740000000, 0x0000000745580000, 0x0000000795580000)
  object space 87552K, 1% used [0x0000000740000000,0x00000007400e3d30,0x0000000745580000)
 Metaspace       used 6934K, capacity 7124K, committed 7296K, reserved 1056768K
  class space    used 806K, capacity 886K, committed 896K, reserved 1048576K
Event: 4.780 GC heap after
Heap after GC invocations=3 (full 1):
 PSYoungGen      total 38400K, used 5104K [0x0000000795580000, 0x0000000798000000, 0x00000007c0000000)
  eden space 33280K, 0% used [0x0000000795580000,0x0000000795580000,0x0000000797600000)
  from space 5120K, 99% used [0x0000000797b00000,0x0000000797ffc030,0x0000000798000000)
  to   space 5120K, 0% used [0x0000000797600000,0x0000000797600000,0x0000000797b00000)
 ParOldGen       total 87552K, used 6701K [0x0000000740000000, 0x0000000745580000, 0x0000000795580000)
  object space 87552K, 7% used [0x0000000740000000,0x000000074068b690,0x0000000745580000)
 Metaspace       used 6934K, capacity 7124K, committed 7296K, reserved 1056768K
  class space    used 806K, capacity 886K, committed 896K, reserved 1048576K
}

Deoptimization events (10 events):
Event: 7.444 Thread 0x00007f8a63804800 Uncommon trap: reason=class_check action=maybe_recompile pc=0x000000010e3517d4 method=sun.reflect.GeneratedMethodAccessor4.invoke(Ljava/lang/Object;[Ljava/lang/Object;)Ljava/lang/Object; @ 37
Event: 7.445 Thread 0x00007f8a63804800 Uncommon trap: reason=class_check action=maybe_recompile pc=0x000000010e37f914 method=java.io.ObjectOutputStream$BlockDataOutputStream.write([BIIZ)V @ 23
Event: 7.445 Thread 0x00007f8a63804800 Uncommon trap: reason=class_check action=maybe_recompile pc=0x000000010e37405c method=sun.reflect.GeneratedMethodAccessor3.invoke(Ljava/lang/Object;[Ljava/lang/Object;)Ljava/lang/Object; @ 37
Event: 7.445 Thread 0x00007f8a63804800 Uncommon trap: reason=class_check action=maybe_recompile pc=0x000000010e37405c method=sun.reflect.GeneratedMethodAccessor3.invoke(Ljava/lang/Object;[Ljava/lang/Object;)Ljava/lang/Object; @ 37
Event: 7.445 Thread 0x00007f8a63804800 Uncommon trap: reason=class_check action=maybe_recompile pc=0x000000010e3517d4 method=sun.reflect.GeneratedMethodAccessor4.invoke(Ljava/lang/Object;[Ljava/lang/Object;)Ljava/lang/Object; @ 37
Event: 7.445 Thread 0x00007f8a63804800 Uncommon trap: reason=class_check action=maybe_recompile pc=0x000000010e37f914 method=java.io.ObjectOutputStream$BlockDataOutputStream.write([BIIZ)V @ 23
Event: 7.445 Thread 0x00007f8a63804800 Uncommon trap: reason=class_check action=maybe_recompile pc=0x000000010e37405c method=sun.reflect.GeneratedMethodAccessor3.invoke(Ljava/lang/Object;[Ljava/lang/Object;)Ljava/lang/Object; @ 37
Event: 7.445 Thread 0x00007f8a63804800 Uncommon trap: reason=class_check action=maybe_recompile pc=0x000000010e3517d4 method=sun.reflect.GeneratedMethodAccessor4.invoke(Ljava/lang/Object;[Ljava/lang/Object;)Ljava/lang/Object; @ 37
Event: 7.445 Thread 0x00007f8a63804800 Uncommon trap: reason=class_check action=maybe_recompile pc=0x000000010e379204 method=java.io.ObjectOutputStream$BlockDataOutputStream.write([BIIZ)V @ 23
Event: 7.445 Thread 0x00007f8a63804800 Uncommon trap: reason=class_check action=maybe_recompile pc=0x000000010e364354 method=java.io.ObjectOutputStream$BlockDataOutputStream.write([BIIZ)V @ 23

Internal exceptions (10 events):
Event: 3.151 Thread 0x00007f8a63804800 Exception <a 'java/security/PrivilegedActionException'> (0x00000007959824a8) thrown at [/Users/java_re/workspace/8-2-build-macosx-x86_64/jdk8u60/4407/hotspot/src/share/vm/prims/jvm.cpp, line 1386]
Event: 3.151 Thread 0x00007f8a63804800 Exception <a 'java/security/PrivilegedActionException'> (0x00000007959840b0) thrown at [/Users/java_re/workspace/8-2-build-macosx-x86_64/jdk8u60/4407/hotspot/src/share/vm/prims/jvm.cpp, line 1386]
Event: 3.151 Thread 0x00007f8a63804800 Exception <a 'java/security/PrivilegedActionException'> (0x00000007959844a8) thrown at [/Users/java_re/workspace/8-2-build-macosx-x86_64/jdk8u60/4407/hotspot/src/share/vm/prims/jvm.cpp, line 1386]
Event: 3.247 Thread 0x00007f8a63804800 Exception <a 'java/lang/NoSuchMethodError': <clinit>> (0x0000000795585f50) thrown at [/Users/java_re/workspace/8-2-build-macosx-x86_64/jdk8u60/4407/hotspot/src/share/vm/prims/jni.cpp, line 1591]
Event: 3.250 Thread 0x00007f8a63804800 Exception <a 'java/lang/NoSuchMethodError': <clinit>> (0x000000079559cb00) thrown at [/Users/java_re/workspace/8-2-build-macosx-x86_64/jdk8u60/4407/hotspot/src/share/vm/prims/jni.cpp, line 1591]
Event: 3.252 Thread 0x00007f8a630c4000 Exception <a 'java/lang/InterruptedException'> (0x00000007956266c8) thrown at [/Users/java_re/workspace/8-2-build-macosx-x86_64/jdk8u60/4407/hotspot/src/share/vm/runtime/objectMonitor.cpp, line 1683]
Event: 3.706 Thread 0x00007f8a63804800 Implicit null exception at 0x000000010e1ec1e1 to 0x000000010e1ec289
Event: 3.786 Thread 0x00007f8a63804800 Exception <a 'java/lang/NoSuchMethodError': <clinit>> (0x00000007966a9658) thrown at [/Users/java_re/workspace/8-2-build-macosx-x86_64/jdk8u60/4407/hotspot/src/share/vm/prims/jni.cpp, line 1591]
Event: 3.811 Thread 0x00007f8a63804800 Exception <a 'java/lang/NoSuchMethodError': <clinit>> (0x000000079679bf98) thrown at [/Users/java_re/workspace/8-2-build-macosx-x86_64/jdk8u60/4407/hotspot/src/share/vm/prims/jni.cpp, line 1591]
Event: 7.436 Thread 0x00007f8a63804800 Implicit null exception at 0x000000010e34ab62 to 0x000000010e34c8c5

Events (10 events):
Event: 160.318 Executing VM operation: ChangeBreakpoints
Event: 160.318 Executing VM operation: ChangeBreakpoints done
Event: 160.325 Executing VM operation: RedefineClasses
Event: 160.330 Executing VM operation: RedefineClasses done
Event: 160.344 Executing VM operation: ChangeBreakpoints
Event: 160.344 Executing VM operation: ChangeBreakpoints done
Event: 160.347 Executing VM operation: ChangeBreakpoints
Event: 160.347 Executing VM operation: ChangeBreakpoints done
Event: 160.352 Executing VM operation: ChangeBreakpoints
Event: 160.352 Executing VM operation: ChangeBreakpoints done


Dynamic libraries:
0x0000000002b1e000 	/System/Library/Frameworks/Cocoa.framework/Versions/A/Cocoa
0x0000000002b1e000 	/System/Library/Frameworks/Security.framework/Versions/A/Security
0x0000000002b1e000 	/System/Library/Frameworks/ApplicationServices.framework/Versions/A/ApplicationServices
0x0000000002b1e000 	/usr/lib/libz.1.dylib
0x0000000002b1e000 	/usr/lib/libSystem.B.dylib
0x0000000002b1e000 	/usr/lib/libobjc.A.dylib
0x0000000002b1e000 	/System/Library/Frameworks/CoreFoundation.framework/Versions/A/CoreFoundation
0x0000000002b1e000 	/System/Library/Frameworks/Foundation.framework/Versions/C/Foundation
0x0000000002b1e000 	/System/Library/Frameworks/AppKit.framework/Versions/C/AppKit
0x0000000002b1e000 	/System/Library/Frameworks/CoreData.framework/Versions/A/CoreData
0x0000000002b1e000 	/System/Library/PrivateFrameworks/RemoteViewServices.framework/Versions/A/RemoteViewServices
0x0000000002b1e000 	/System/Library/PrivateFrameworks/UIFoundation.framework/Versions/A/UIFoundation
0x0000000002b1e000 	/usr/lib/libScreenReader.dylib
0x0000000002b1e000 	/System/Library/Frameworks/Accelerate.framework/Versions/A/Accelerate
0x0000000002b1e000 	/System/Library/Frameworks/IOSurface.framework/Versions/A/IOSurface
0x0000000002b1e000 	/System/Library/Frameworks/AudioToolbox.framework/Versions/A/AudioToolbox
0x0000000002b1e000 	/System/Library/Frameworks/AudioUnit.framework/Versions/A/AudioUnit
0x0000000002b1e000 	/System/Library/PrivateFrameworks/DataDetectorsCore.framework/Versions/A/DataDetectorsCore
0x0000000002b1e000 	/System/Library/PrivateFrameworks/DesktopServicesPriv.framework/Versions/A/DesktopServicesPriv
0x0000000002b1e000 	/System/Library/Frameworks/Carbon.framework/Versions/A/Frameworks/HIToolbox.framework/Versions/A/HIToolbox
0x0000000002b1e000 	/System/Library/Frameworks/QuartzCore.framework/Versions/A/QuartzCore
0x0000000002b1e000 	/System/Library/Frameworks/Carbon.framework/Versions/A/Frameworks/SpeechRecognition.framework/Versions/A/SpeechRecognition
0x0000000002b1e000 	/usr/lib/libauto.dylib
0x0000000002b1e000 	/usr/lib/libicucore.A.dylib
0x0000000002b1e000 	/usr/lib/libxml2.2.dylib
0x0000000002b1e000 	/System/Library/PrivateFrameworks/CoreUI.framework/Versions/A/CoreUI
0x0000000002b1e000 	/System/Library/Frameworks/CoreAudio.framework/Versions/A/CoreAudio
0x0000000002b1e000 	/System/Library/Frameworks/DiskArbitration.framework/Versions/A/DiskArbitration
0x0000000002b1e000 	/usr/lib/liblangid.dylib
0x0000000002b1e000 	/System/Library/PrivateFrameworks/MultitouchSupport.framework/Versions/A/MultitouchSupport
0x0000000002b1e000 	/System/Library/Frameworks/IOKit.framework/Versions/A/IOKit
0x0000000002b1e000 	/usr/lib/libDiagnosticMessagesClient.dylib
0x0000000002b1e000 	/System/Library/Frameworks/CoreServices.framework/Versions/A/CoreServices
0x0000000002b1e000 	/System/Library/PrivateFrameworks/PerformanceAnalysis.framework/Versions/A/PerformanceAnalysis
0x0000000002b1e000 	/System/Library/PrivateFrameworks/GenerationalStorage.framework/Versions/A/GenerationalStorage
0x0000000002b1e000 	/System/Library/Frameworks/OpenGL.framework/Versions/A/OpenGL
0x0000000002b1e000 	/System/Library/PrivateFrameworks/Sharing.framework/Versions/A/Sharing
0x0000000002b1e000 	/System/Library/Frameworks/CoreGraphics.framework/Versions/A/CoreGraphics
0x0000000002b1e000 	/System/Library/Frameworks/CoreImage.framework/Versions/A/CoreImage
0x0000000002b1e000 	/System/Library/Frameworks/CoreText.framework/Versions/A/CoreText
0x0000000002b1e000 	/System/Library/Frameworks/ImageIO.framework/Versions/A/ImageIO
0x0000000002b1e000 	/System/Library/PrivateFrameworks/Backup.framework/Versions/A/Backup
0x0000000002b1e000 	/usr/lib/libextension.dylib
0x0000000002b1e000 	/usr/lib/libarchive.2.dylib
0x0000000002b1e000 	/System/Library/Frameworks/CFNetwork.framework/Versions/A/CFNetwork
0x0000000002b1e000 	/System/Library/Frameworks/SystemConfiguration.framework/Versions/A/SystemConfiguration
0x0000000002b1e000 	/usr/lib/libCRFSuite.dylib
0x0000000002b1e000 	/usr/lib/libc++.1.dylib
0x0000000002b1e000 	/usr/lib/libc++abi.dylib
0x0000000002b1e000 	/usr/lib/system/libcache.dylib
0x0000000002b1e000 	/usr/lib/system/libcommonCrypto.dylib
0x0000000002b1e000 	/usr/lib/system/libcompiler_rt.dylib
0x0000000002b1e000 	/usr/lib/system/libcopyfile.dylib
0x0000000002b1e000 	/usr/lib/system/libcorecrypto.dylib
0x0000000002b1e000 	/usr/lib/system/libdispatch.dylib
0x0000000002b1e000 	/usr/lib/system/libdyld.dylib
0x0000000002b1e000 	/usr/lib/system/libkeymgr.dylib
0x0000000002b1e000 	/usr/lib/system/liblaunch.dylib
0x0000000002b1e000 	/usr/lib/system/libmacho.dylib
0x0000000002b1e000 	/usr/lib/system/libquarantine.dylib
0x0000000002b1e000 	/usr/lib/system/libremovefile.dylib
0x0000000002b1e000 	/usr/lib/system/libsystem_asl.dylib
0x0000000002b1e000 	/usr/lib/system/libsystem_blocks.dylib
0x0000000002b1e000 	/usr/lib/system/libsystem_c.dylib
0x0000000002b1e000 	/usr/lib/system/libsystem_configuration.dylib
0x0000000002b1e000 	/usr/lib/system/libsystem_coreservices.dylib
0x0000000002b1e000 	/usr/lib/system/libsystem_coretls.dylib
0x0000000002b1e000 	/usr/lib/system/libsystem_dnssd.dylib
0x0000000002b1e000 	/usr/lib/system/libsystem_info.dylib
0x0000000002b1e000 	/usr/lib/system/libsystem_kernel.dylib
0x0000000002b1e000 	/usr/lib/system/libsystem_m.dylib
0x0000000002b1e000 	/usr/lib/system/libsystem_malloc.dylib
0x0000000002b1e000 	/usr/lib/system/libsystem_network.dylib
0x0000000002b1e000 	/usr/lib/system/libsystem_networkextension.dylib
0x0000000002b1e000 	/usr/lib/system/libsystem_notify.dylib
0x0000000002b1e000 	/usr/lib/system/libsystem_platform.dylib
0x0000000002b1e000 	/usr/lib/system/libsystem_pthread.dylib
0x0000000002b1e000 	/usr/lib/system/libsystem_sandbox.dylib
0x0000000002b1e000 	/usr/lib/system/libsystem_secinit.dylib
0x0000000002b1e000 	/usr/lib/system/libsystem_trace.dylib
0x0000000002b1e000 	/usr/lib/system/libunc.dylib
0x0000000002b1e000 	/usr/lib/system/libunwind.dylib
0x0000000002b1e000 	/usr/lib/system/libxpc.dylib
0x0000000002b1e000 	/usr/lib/libenergytrace.dylib
0x0000000002b1e000 	/usr/lib/libbsm.0.dylib
0x0000000002b1e000 	/usr/lib/system/libkxld.dylib
0x0000000002b1e000 	/usr/lib/libxar.1.dylib
0x0000000002b1e000 	/usr/lib/libsqlite3.dylib
0x0000000002b1e000 	/usr/lib/libpam.2.dylib
0x0000000002b1e000 	/usr/lib/libOpenScriptingUtil.dylib
0x0000000002b1e000 	/usr/lib/libbz2.1.0.dylib
0x0000000002b1e000 	/usr/lib/liblzma.5.dylib
0x0000000002b1e000 	/System/Library/Frameworks/CoreServices.framework/Versions/A/Frameworks/FSEvents.framework/Versions/A/FSEvents
0x0000000002b1e000 	/System/Library/Frameworks/CoreServices.framework/Versions/A/Frameworks/CarbonCore.framework/Versions/A/CarbonCore
0x0000000002b1e000 	/System/Library/Frameworks/CoreServices.framework/Versions/A/Frameworks/Metadata.framework/Versions/A/Metadata
0x0000000002b1e000 	/System/Library/Frameworks/CoreServices.framework/Versions/A/Frameworks/OSServices.framework/Versions/A/OSServices
0x0000000002b1e000 	/System/Library/Frameworks/CoreServices.framework/Versions/A/Frameworks/SearchKit.framework/Versions/A/SearchKit
0x0000000002b1e000 	/System/Library/Frameworks/CoreServices.framework/Versions/A/Frameworks/AE.framework/Versions/A/AE
0x0000000002b1e000 	/System/Library/Frameworks/CoreServices.framework/Versions/A/Frameworks/LaunchServices.framework/Versions/A/LaunchServices
0x0000000002b1e000 	/System/Library/Frameworks/CoreServices.framework/Versions/A/Frameworks/DictionaryServices.framework/Versions/A/DictionaryServices
0x0000000002b1e000 	/System/Library/Frameworks/CoreServices.framework/Versions/A/Frameworks/SharedFileList.framework/Versions/A/SharedFileList
0x0000000002b1e000 	/System/Library/Frameworks/NetFS.framework/Versions/A/NetFS
0x0000000002b1e000 	/System/Library/PrivateFrameworks/NetAuth.framework/Versions/A/NetAuth
0x0000000002b1e000 	/System/Library/PrivateFrameworks/login.framework/Versions/A/Frameworks/loginsupport.framework/Versions/A/loginsupport
0x0000000002b1e000 	/System/Library/PrivateFrameworks/TCC.framework/Versions/A/TCC
0x0000000002b1e000 	/usr/lib/libmecabra.dylib
0x0000000002b1e000 	/System/Library/Frameworks/ApplicationServices.framework/Versions/A/Frameworks/ATS.framework/Versions/A/ATS
0x0000000002b1e000 	/System/Library/Frameworks/ApplicationServices.framework/Versions/A/Frameworks/ColorSync.framework/Versions/A/ColorSync
0x0000000002b1e000 	/System/Library/Frameworks/ApplicationServices.framework/Versions/A/Frameworks/HIServices.framework/Versions/A/HIServices
0x0000000002b1e000 	/System/Library/Frameworks/ApplicationServices.framework/Versions/A/Frameworks/LangAnalysis.framework/Versions/A/LangAnalysis
0x0000000002b1e000 	/System/Library/Frameworks/ApplicationServices.framework/Versions/A/Frameworks/PrintCore.framework/Versions/A/PrintCore
0x0000000002b1e000 	/System/Library/Frameworks/ApplicationServices.framework/Versions/A/Frameworks/QD.framework/Versions/A/QD
0x0000000002b1e000 	/System/Library/Frameworks/ApplicationServices.framework/Versions/A/Frameworks/SpeechSynthesis.framework/Versions/A/SpeechSynthesis
0x0000000002b1e000 	/System/Library/Frameworks/Metal.framework/Versions/A/Metal
0x0000000002b1e000 	/System/Library/Frameworks/Accelerate.framework/Versions/A/Frameworks/vImage.framework/Versions/A/vImage
0x0000000002b1e000 	/System/Library/Frameworks/Accelerate.framework/Versions/A/Frameworks/vecLib.framework/Versions/A/vecLib
0x0000000002b1e000 	/System/Library/Frameworks/Accelerate.framework/Versions/A/Frameworks/vecLib.framework/Versions/A/libvDSP.dylib
0x0000000002b1e000 	/System/Library/Frameworks/Accelerate.framework/Versions/A/Frameworks/vecLib.framework/Versions/A/libvMisc.dylib
0x0000000002b1e000 	/System/Library/Frameworks/Accelerate.framework/Versions/A/Frameworks/vecLib.framework/Versions/A/libLAPACK.dylib
0x0000000002b1e000 	/System/Library/Frameworks/Accelerate.framework/Versions/A/Frameworks/vecLib.framework/Versions/A/libBLAS.dylib
0x0000000002b1e000 	/System/Library/Frameworks/Accelerate.framework/Versions/A/Frameworks/vecLib.framework/Versions/A/libLinearAlgebra.dylib
0x0000000002b1e000 	/System/Library/Frameworks/Accelerate.framework/Versions/A/Frameworks/vecLib.framework/Versions/A/libSparseBLAS.dylib
0x0000000002b1e000 	/System/Library/PrivateFrameworks/GPUCompiler.framework/libmetal_timestamp.dylib
0x0000000002b1e000 	/System/Library/Frameworks/OpenGL.framework/Versions/A/Libraries/libCoreFSCache.dylib
0x0000000002b1e000 	/System/Library/PrivateFrameworks/IOAccelerator.framework/Versions/A/IOAccelerator
0x0000000002b1e000 	/System/Library/Frameworks/ApplicationServices.framework/Versions/A/Frameworks/ATS.framework/Versions/A/Resources/libFontParser.dylib
0x0000000002b1e000 	/System/Library/Frameworks/ApplicationServices.framework/Versions/A/Frameworks/ATS.framework/Versions/A/Resources/libFontRegistry.dylib
0x0000000002b1e000 	/System/Library/PrivateFrameworks/AppleVPA.framework/Versions/A/AppleVPA
0x0000000002b1e000 	/System/Library/PrivateFrameworks/AppleJPEG.framework/Versions/A/AppleJPEG
0x0000000002b1e000 	/System/Library/Frameworks/ImageIO.framework/Versions/A/Resources/libJPEG.dylib
0x0000000002b1e000 	/System/Library/Frameworks/ImageIO.framework/Versions/A/Resources/libTIFF.dylib
0x0000000002b1e000 	/System/Library/Frameworks/ImageIO.framework/Versions/A/Resources/libPng.dylib
0x0000000002b1e000 	/System/Library/Frameworks/ImageIO.framework/Versions/A/Resources/libGIF.dylib
0x0000000002b1e000 	/System/Library/Frameworks/ImageIO.framework/Versions/A/Resources/libJP2.dylib
0x0000000002b1e000 	/System/Library/Frameworks/ImageIO.framework/Versions/A/Resources/libRadiance.dylib
0x0000000002b1e000 	/System/Library/Frameworks/CoreVideo.framework/Versions/A/CoreVideo
0x0000000002b1e000 	/System/Library/Frameworks/OpenGL.framework/Versions/A/Libraries/libGLU.dylib
0x0000000002b1e000 	/System/Library/Frameworks/OpenGL.framework/Versions/A/Libraries/libGFXShared.dylib
0x0000000002b1e000 	/System/Library/Frameworks/OpenGL.framework/Versions/A/Libraries/libGL.dylib
0x0000000002b1e000 	/System/Library/Frameworks/OpenGL.framework/Versions/A/Libraries/libGLImage.dylib
0x0000000002b1e000 	/System/Library/Frameworks/OpenGL.framework/Versions/A/Libraries/libCVMSPluginSupport.dylib
0x0000000002b1e000 	/System/Library/Frameworks/OpenGL.framework/Versions/A/Libraries/libCoreVMClient.dylib
0x0000000002b1e000 	/usr/lib/libcompression.dylib
0x0000000002b1e000 	/usr/lib/libcups.2.dylib
0x0000000002b1e000 	/System/Library/Frameworks/Kerberos.framework/Versions/A/Kerberos
0x0000000002b1e000 	/System/Library/Frameworks/GSS.framework/Versions/A/GSS
0x0000000002b1e000 	/usr/lib/libresolv.9.dylib
0x0000000002b1e000 	/usr/lib/libiconv.2.dylib
0x0000000002b1e000 	/System/Library/PrivateFrameworks/Heimdal.framework/Versions/A/Heimdal
0x0000000002b1e000 	/usr/lib/libheimdal-asn1.dylib
0x0000000002b1e000 	/System/Library/Frameworks/OpenDirectory.framework/Versions/A/OpenDirectory
0x0000000002b1e000 	/System/Library/PrivateFrameworks/CommonAuth.framework/Versions/A/CommonAuth
0x0000000002b1e000 	/System/Library/Frameworks/OpenDirectory.framework/Versions/A/Frameworks/CFOpenDirectory.framework/Versions/A/CFOpenDirectory
0x0000000002b1e000 	/System/Library/Frameworks/SecurityFoundation.framework/Versions/A/SecurityFoundation
0x0000000002b1e000 	/System/Library/PrivateFrameworks/LanguageModeling.framework/Versions/A/LanguageModeling
0x0000000002b1e000 	/usr/lib/libmarisa.dylib
0x0000000002b1e000 	/usr/lib/libChineseTokenizer.dylib
0x0000000002b1e000 	/usr/lib/libcmph.dylib
0x0000000002b1e000 	/System/Library/Frameworks/ServiceManagement.framework/Versions/A/ServiceManagement
0x0000000002b1e000 	/usr/lib/libxslt.1.dylib
0x0000000002b1e000 	/System/Library/Frameworks/Carbon.framework/Versions/A/Frameworks/Ink.framework/Versions/A/Ink
0x0000000002b1e000 	/usr/lib/libFosl_dynamic.dylib
0x0000000002b1e000 	/System/Library/PrivateFrameworks/FaceCore.framework/Versions/A/FaceCore
0x0000000002b1e000 	/System/Library/Frameworks/OpenCL.framework/Versions/A/OpenCL
0x0000000002b1e000 	/System/Library/PrivateFrameworks/CrashReporterSupport.framework/Versions/A/CrashReporterSupport
0x0000000002b1e000 	/System/Library/PrivateFrameworks/IconServices.framework/Versions/A/IconServices
0x0000000002b1e000 	/System/Library/PrivateFrameworks/Apple80211.framework/Versions/A/Apple80211
0x0000000002b1e000 	/System/Library/Frameworks/CoreWLAN.framework/Versions/A/CoreWLAN
0x0000000002b1e000 	/System/Library/Frameworks/IOBluetooth.framework/Versions/A/IOBluetooth
0x0000000002b1e000 	/System/Library/PrivateFrameworks/CoreWiFi.framework/Versions/A/CoreWiFi
0x0000000002b1e000 	/System/Library/Frameworks/CoreBluetooth.framework/Versions/A/CoreBluetooth
0x0000000002b1e000 	/System/Library/PrivateFrameworks/ChunkingLibrary.framework/Versions/A/ChunkingLibrary
0x0000000002b1e000 	/System/Library/PrivateFrameworks/DebugSymbols.framework/Versions/A/DebugSymbols
0x0000000002b1e000 	/System/Library/PrivateFrameworks/CoreSymbolication.framework/Versions/A/CoreSymbolication
0x0000000002b1e000 	/System/Library/PrivateFrameworks/Symbolication.framework/Versions/A/Symbolication
0x0000000002b1e000 	/System/Library/PrivateFrameworks/SpeechRecognitionCore.framework/Versions/A/SpeechRecognitionCore
0x000000010c68f000 	/Library/Java/JavaVirtualMachines/jdk1.8.0_60.jdk/Contents/Home/jre/lib/server/libjvm.dylib
0x0000000002b1e000 	/usr/lib/libstdc++.6.dylib
0x000000010d61c000 	/Library/Java/JavaVirtualMachines/jdk1.8.0_60.jdk/Contents/Home/jre/lib/libverify.dylib
0x000000010d62a000 	/Library/Java/JavaVirtualMachines/jdk1.8.0_60.jdk/Contents/Home/jre/lib/libjava.dylib
0x000000010d660000 	/Library/Java/JavaVirtualMachines/jdk1.8.0_60.jdk/Contents/Home/jre/lib/libjdwp.dylib
0x000000010d6ab000 	/Library/Java/JavaVirtualMachines/jdk1.8.0_60.jdk/Contents/Home/jre/lib/libnpt.dylib
0x000000010d6b8000 	/Library/Java/JavaVirtualMachines/jdk1.8.0_60.jdk/Contents/Home/jre/lib/libzip.dylib
0x000000010d7e3000 	/System/Library/Frameworks/JavaVM.framework/Frameworks/JavaRuntimeSupport.framework/JavaRuntimeSupport
0x0000000123841000 	/System/Library/Frameworks/JavaVM.framework/Versions/A/Frameworks/JavaNativeFoundation.framework/Versions/A/JavaNativeFoundation
0x0000000123856000 	/System/Library/Frameworks/JavaVM.framework/Versions/A/JavaVM
0x0000000002b1e000 	/System/Library/Frameworks/Carbon.framework/Versions/A/Carbon
0x0000000123863000 	/System/Library/PrivateFrameworks/JavaLaunching.framework/Versions/A/JavaLaunching
0x0000000002b1e000 	/System/Library/Frameworks/Carbon.framework/Versions/A/Frameworks/CommonPanels.framework/Versions/A/CommonPanels
0x0000000002b1e000 	/System/Library/Frameworks/Carbon.framework/Versions/A/Frameworks/Help.framework/Versions/A/Help
0x0000000002b1e000 	/System/Library/Frameworks/Carbon.framework/Versions/A/Frameworks/ImageCapture.framework/Versions/A/ImageCapture
0x0000000002b1e000 	/System/Library/Frameworks/Carbon.framework/Versions/A/Frameworks/OpenScripting.framework/Versions/A/OpenScripting
0x0000000002b1e000 	/System/Library/Frameworks/Carbon.framework/Versions/A/Frameworks/Print.framework/Versions/A/Print
0x0000000002b1e000 	/System/Library/Frameworks/Carbon.framework/Versions/A/Frameworks/SecurityHI.framework/Versions/A/SecurityHI
0x000000012386f000 	/Library/Java/JavaVirtualMachines/jdk1.8.0_60.jdk/Contents/Home/jre/lib/libdt_socket.dylib
0x000000012518d000 	/Library/Java/JavaVirtualMachines/jdk1.8.0_60.jdk/Contents/Home/jre/lib/libnet.dylib

VM Arguments:
jvm_args: -agentlib:jdwp=transport=dt_socket,address=127.0.0.1:58338,suspend=y,server=n -Dfile.encoding=UTF-8 
java_command: se.kth.webservice.project.Main /Users/victoraxelsson/Desktop/intellijProjects/ID2208-project/Complementary Files/WSDLs com.mysql.cj.jdbc.Driver jdbc:mysql://localhost:8889/wordnet root root
java_class_path (initial): /Users/victoraxelsson/Desktop/intellijProjects/ID2208-project/Complementary Files/project/bin:/Library/Java/JavaVirtualMachines/jdk1.8.0_60.jdk/Contents/Home/jre/lib/charsets.jar:/Library/Java/JavaVirtualMachines/jdk1.8.0_60.jdk/Contents/Home/jre/lib/deploy.jar:/Library/Java/JavaVirtualMachines/jdk1.8.0_60.jdk/Contents/Home/jre/lib/ext/cldrdata.jar:/Library/Java/JavaVirtualMachines/jdk1.8.0_60.jdk/Contents/Home/jre/lib/ext/dnsns.jar:/Library/Java/JavaVirtualMachines/jdk1.8.0_60.jdk/Contents/Home/jre/lib/ext/jaccess.jar:/Library/Java/JavaVirtualMachines/jdk1.8.0_60.jdk/Contents/Home/jre/lib/ext/jfxrt.jar:/Library/Java/JavaVirtualMachines/jdk1.8.0_60.jdk/Contents/Home/jre/lib/ext/localedata.jar:/Library/Java/JavaVirtualMachines/jdk1.8.0_60.jdk/Contents/Home/jre/lib/ext/nashorn.jar:/Library/Java/JavaVirtualMachines/jdk1.8.0_60.jdk/Contents/Home/jre/lib/ext/sunec.jar:/Library/Java/JavaVirtualMachines/jdk1.8.0_60.jdk/Contents/Home/jre/lib/ext/sunjce_provider.jar:/Library/Java/JavaVirtualMachines/jdk1.8.0_60.jdk/Contents/Home/jre/lib/ext/sunpkcs11.jar:/Library/Java/JavaVirtualMachines/jdk1.8.0_60.jdk/Contents/Home/jre/lib/ext/zipfs.jar:/Library/Java/JavaVirtualMachines/jdk1.8.0_60.jdk/Contents/Home/jre/lib/javaws.jar:/Library/Java/JavaVirtualMachines/jdk1.8.0_60.jdk/Contents/Home/jre/lib/jce.jar:/Library/Java/JavaVirtualMachines/jdk1.8.0_60.jdk/Contents/Home/jre/lib/jfr.jar:/Library/Java/JavaVirtualMachines/jdk1.8.0_60.jdk/Contents/Home/jre/lib/jfxswt.jar:/Library/Java/JavaVirtualMachines/jdk1.8.0_60.jdk/Contents/Home/jre/lib/jsse.jar:/Library/Java/JavaVirtualMachines/jdk1.8.0_60.jdk/Contents/Home/jre/lib/management-agent.jar:/Library/Java/JavaVirtualMachines/jdk1.8.0_60.jdk/Contents/Home/jre/lib/plugin.jar:/Library/Java/JavaVirtualMachines/jdk1.8.0_60.jdk/Contents/Home/jre/lib/resources.jar:/Library/Java/JavaVirtualMachines/jdk1.8.0_60.jdk/Contents/Home/jre/lib/rt.jar:/Library/Java/JavaVirtualMachines/jdk1.8.0_60.jdk/Contents/Home/lib/ant-jav
Launcher Type: SUN_STANDARD

Environment Variables:
CLASSPATH=/Users/victoraxelsson/Downloads/JADE-all-4.4.0/jade/lib/jade.jar
PATH=/usr/local/php5/bin:/Users/victoraxelsson/.nvm/versions/node/v5.9.1/bin:/usr/bin:/bin:/usr/sbin:/sbin:/usr/local/bin:/opt/ImageMagick/bin:/Library/TeX/texbin:/Users/victoraxelsson/.composer/vendor/bin
SHELL=/bin/bash

Signal Handlers:
SIGSEGV: [libjvm.dylib+0x5a6d31], sa_mask[0]=11111111011111110111111111111111, sa_flags=SA_ONSTACK|SA_RESTART|SA_SIGINFO
SIGBUS: [libjvm.dylib+0x5a6d31], sa_mask[0]=11111111011111110111111111111111, sa_flags=SA_RESTART|SA_SIGINFO
SIGFPE: [libjvm.dylib+0x480a4c], sa_mask[0]=11111111011111110111111111111111, sa_flags=SA_RESTART|SA_SIGINFO
SIGPIPE: [libjvm.dylib+0x480a4c], sa_mask[0]=11111111011111110111111111111111, sa_flags=SA_RESTART|SA_SIGINFO
SIGXFSZ: [libjvm.dylib+0x480a4c], sa_mask[0]=11111111011111110111111111111111, sa_flags=SA_RESTART|SA_SIGINFO
SIGILL: [libjvm.dylib+0x480a4c], sa_mask[0]=11111111011111110111111111111111, sa_flags=SA_RESTART|SA_SIGINFO
SIGUSR1: SIG_DFL, sa_mask[0]=00000000000000000000000000000000, sa_flags=none
SIGUSR2: [libjvm.dylib+0x48056a], sa_mask[0]=00100000000000000000000000000000, sa_flags=SA_RESTART|SA_SIGINFO
SIGHUP: [libjvm.dylib+0x47eb41], sa_mask[0]=11111111011111110111111111111111, sa_flags=SA_RESTART|SA_SIGINFO
SIGINT: [libjvm.dylib+0x47eb41], sa_mask[0]=11111111011111110111111111111111, sa_flags=SA_RESTART|SA_SIGINFO
SIGTERM: [libjvm.dylib+0x47eb41], sa_mask[0]=11111111011111110111111111111111, sa_flags=SA_RESTART|SA_SIGINFO
SIGQUIT: [libjvm.dylib+0x47eb41], sa_mask[0]=11111111011111110111111111111111, sa_flags=SA_RESTART|SA_SIGINFO


---------------  S Y S T E M  ---------------

OS:Bsduname:Darwin 15.5.0 Darwin Kernel Version 15.5.0: Tue Apr 19 18:36:36 PDT 2016; root:xnu-3248.50.21~8/RELEASE_X86_64 x86_64
rlimit: STACK 8192k, CORE 0k, NPROC 709, NOFILE 10240, AS infinity
load average:3.15 3.00 3.08

CPU:total 4 (2 cores per cpu, 2 threads per core) family 6 model 69 stepping 1, cmov, cx8, fxsr, mmx, sse, sse2, sse3, ssse3, sse4.1, sse4.2, popcnt, avx, avx2, aes, clmul, erms, lzcnt, ht, tsc, tscinvbit, bmi1, bmi2

Memory: 4k page, physical 8388608k(38212k free)

/proc/meminfo:


vm_info: Java HotSpot(TM) 64-Bit Server VM (25.60-b23) for bsd-amd64 JRE (1.8.0_60-b27), built on Aug  4 2015 10:47:24 by "java_re" with gcc 4.2.1 (Based on Apple Inc. build 5658) (LLVM build 2336.11.00)

time: Wed Mar  1 13:12:05 2017
elapsed time: 160 seconds (0d 0h 2m 40s)

